<?xml version="1.0" encoding="UTF-8"?>
<testsuite xmlns:xsi="http://www.w3.org/2001/XMLSchema-instance" xsi:noNamespaceSchemaLocation="https://maven.apache.org/surefire/maven-surefire-plugin/xsd/surefire-test-report.xsd" name="org.sonar.plugins.yaml.checks.NodeExistTest" time="0.099" tests="1" errors="0" skipped="0" failures="0">
  <properties>
    <property name="sun.desktop" value="gnome"/>
    <property name="awt.toolkit" value="sun.awt.X11.XToolkit"/>
    <property name="file.encoding.pkg" value="sun.io"/>
    <property name="java.specification.version" value="1.8"/>
    <property name="sun.cpu.isalist" value=""/>
    <property name="sun.jnu.encoding" value="UTF-8"/>
    <property name="java.class.path" value="/home/nikhil/git/sonar-text-plugin/target/test-classes:/home/nikhil/git/sonar-text-plugin/target/classes:/home/nikhil/.m2/repository/org/slf4j/slf4j-api/1.7.10/slf4j-api-1.7.10.jar:/home/nikhil/.m2/repository/org/slf4j/slf4j-log4j12/1.7.10/slf4j-log4j12-1.7.10.jar:/home/nikhil/.m2/repository/log4j/log4j/1.2.17/log4j-1.2.17.jar:/home/nikhil/.m2/repository/org/sonarsource/sslr-squid-bridge/sslr-squid-bridge/2.6.1/sslr-squid-bridge-2.6.1.jar:/home/nikhil/.m2/repository/org/slf4j/jcl-over-slf4j/1.5.6/jcl-over-slf4j-1.5.6.jar:/home/nikhil/.m2/repository/org/codehaus/sonar/sonar-plugin-api/4.5.2/sonar-plugin-api-4.5.2.jar:/home/nikhil/.m2/repository/com/google/code/findbugs/jsr305/1.3.9/jsr305-1.3.9.jar:/home/nikhil/.m2/repository/org/codehaus/sonar/sonar-check-api/4.5.2/sonar-check-api-4.5.2.jar:/home/nikhil/.m2/repository/org/codehaus/sonar/sonar-colorizer/4.5.2/sonar-colorizer-4.5.2.jar:/home/nikhil/.m2/repository/org/codehaus/sonar/sonar-channel/4.1/sonar-channel-4.1.jar:/home/nikhil/.m2/repository/org/codehaus/sonar/sonar-graph/4.5.2/sonar-graph-4.5.2.jar:/home/nikhil/.m2/repository/org/codehaus/sonar/sonar-squid/4.1/sonar-squid-4.1.jar:/home/nikhil/.m2/repository/com/google/guava/guava/10.0.1/guava-10.0.1.jar:/home/nikhil/.m2/repository/commons-configuration/commons-configuration/1.6/commons-configuration-1.6.jar:/home/nikhil/.m2/repository/commons-collections/commons-collections/3.2.1/commons-collections-3.2.1.jar:/home/nikhil/.m2/repository/commons-codec/commons-codec/1.8/commons-codec-1.8.jar:/home/nikhil/.m2/repository/org/slf4j/log4j-over-slf4j/1.7.5/log4j-over-slf4j-1.7.5.jar:/home/nikhil/.m2/repository/com/thoughtworks/xstream/xstream/1.3.1/xstream-1.3.1.jar:/home/nikhil/.m2/repository/xpp3/xpp3/1.1.3.3/xpp3-1.1.3.3.jar:/home/nikhil/.m2/repository/org/codehaus/woodstox/woodstox-core-lgpl/4.4.0/woodstox-core-lgpl-4.4.0.jar:/home/nikhil/.m2/repository/javax/xml/stream/stax-api/1.0-2/stax-api-1.0-2.jar:/home/nikhil/.m2/repository/org/codehaus/woodstox/stax2-api/3.1.4/stax2-api-3.1.4.jar:/home/nikhil/.m2/repository/org/codehaus/staxmate/staxmate/2.0.1/staxmate-2.0.1.jar:/home/nikhil/.m2/repository/org/codehaus/sonar/sonar-testing-harness/4.5.2/sonar-testing-harness-4.5.2.jar:/home/nikhil/.m2/repository/org/skyscreamer/jsonassert/1.2.3/jsonassert-1.2.3.jar:/home/nikhil/.m2/repository/org/json/json/20090211/json-20090211.jar:/home/nikhil/.m2/repository/org/hamcrest/hamcrest-all/1.3/hamcrest-all-1.3.jar:/home/nikhil/.m2/repository/org/mockito/mockito-core/1.9.5/mockito-core-1.9.5.jar:/home/nikhil/.m2/repository/org/objenesis/objenesis/1.0/objenesis-1.0.jar:/home/nikhil/.m2/repository/commons-io/commons-io/2.4/commons-io-2.4.jar:/home/nikhil/.m2/repository/commons-lang/commons-lang/2.6/commons-lang-2.6.jar:/home/nikhil/.m2/repository/junit/junit/4.11/junit-4.11.jar:/home/nikhil/.m2/repository/org/hamcrest/hamcrest-core/1.3/hamcrest-core-1.3.jar:/home/nikhil/.m2/repository/org/easytesting/fest-assert/1.4/fest-assert-1.4.jar:/home/nikhil/.m2/repository/org/easytesting/fest-util/1.1.6/fest-util-1.1.6.jar:/home/nikhil/.m2/repository/org/yaml/snakeyaml/1.20/snakeyaml-1.20.jar:"/>
    <property name="java.vm.vendor" value="Oracle Corporation"/>
    <property name="sun.arch.data.model" value="64"/>
    <property name="java.vendor.url" value="http://java.oracle.com/"/>
    <property name="user.timezone" value=""/>
    <property name="java.vm.specification.version" value="1.8"/>
    <property name="os.name" value="Linux"/>
    <property name="user.country" value="IN"/>
    <property name="sun.java.launcher" value="SUN_STANDARD"/>
    <property name="sun.boot.library.path" value="/opt/java/jdk1.8.0_161/jre/lib/amd64"/>
    <property name="sun.java.command" value="/home/nikhil/git/sonar-text-plugin/target/surefire/surefirebooter9102821554042511159.jar /home/nikhil/git/sonar-text-plugin/target/surefire 2018-03-30T04-24-08_727-jvmRun1 surefire5979435043949647651tmp surefire_0785312928908445686tmp"/>
    <property name="surefire.test.class.path" value="/home/nikhil/git/sonar-text-plugin/target/test-classes:/home/nikhil/git/sonar-text-plugin/target/classes:/home/nikhil/.m2/repository/org/slf4j/slf4j-api/1.7.10/slf4j-api-1.7.10.jar:/home/nikhil/.m2/repository/org/slf4j/slf4j-log4j12/1.7.10/slf4j-log4j12-1.7.10.jar:/home/nikhil/.m2/repository/log4j/log4j/1.2.17/log4j-1.2.17.jar:/home/nikhil/.m2/repository/org/sonarsource/sslr-squid-bridge/sslr-squid-bridge/2.6.1/sslr-squid-bridge-2.6.1.jar:/home/nikhil/.m2/repository/org/slf4j/jcl-over-slf4j/1.5.6/jcl-over-slf4j-1.5.6.jar:/home/nikhil/.m2/repository/org/codehaus/sonar/sonar-plugin-api/4.5.2/sonar-plugin-api-4.5.2.jar:/home/nikhil/.m2/repository/com/google/code/findbugs/jsr305/1.3.9/jsr305-1.3.9.jar:/home/nikhil/.m2/repository/org/codehaus/sonar/sonar-check-api/4.5.2/sonar-check-api-4.5.2.jar:/home/nikhil/.m2/repository/org/codehaus/sonar/sonar-colorizer/4.5.2/sonar-colorizer-4.5.2.jar:/home/nikhil/.m2/repository/org/codehaus/sonar/sonar-channel/4.1/sonar-channel-4.1.jar:/home/nikhil/.m2/repository/org/codehaus/sonar/sonar-graph/4.5.2/sonar-graph-4.5.2.jar:/home/nikhil/.m2/repository/org/codehaus/sonar/sonar-squid/4.1/sonar-squid-4.1.jar:/home/nikhil/.m2/repository/com/google/guava/guava/10.0.1/guava-10.0.1.jar:/home/nikhil/.m2/repository/commons-configuration/commons-configuration/1.6/commons-configuration-1.6.jar:/home/nikhil/.m2/repository/commons-collections/commons-collections/3.2.1/commons-collections-3.2.1.jar:/home/nikhil/.m2/repository/commons-codec/commons-codec/1.8/commons-codec-1.8.jar:/home/nikhil/.m2/repository/org/slf4j/log4j-over-slf4j/1.7.5/log4j-over-slf4j-1.7.5.jar:/home/nikhil/.m2/repository/com/thoughtworks/xstream/xstream/1.3.1/xstream-1.3.1.jar:/home/nikhil/.m2/repository/xpp3/xpp3/1.1.3.3/xpp3-1.1.3.3.jar:/home/nikhil/.m2/repository/org/codehaus/woodstox/woodstox-core-lgpl/4.4.0/woodstox-core-lgpl-4.4.0.jar:/home/nikhil/.m2/repository/javax/xml/stream/stax-api/1.0-2/stax-api-1.0-2.jar:/home/nikhil/.m2/repository/org/codehaus/woodstox/stax2-api/3.1.4/stax2-api-3.1.4.jar:/home/nikhil/.m2/repository/org/codehaus/staxmate/staxmate/2.0.1/staxmate-2.0.1.jar:/home/nikhil/.m2/repository/org/codehaus/sonar/sonar-testing-harness/4.5.2/sonar-testing-harness-4.5.2.jar:/home/nikhil/.m2/repository/org/skyscreamer/jsonassert/1.2.3/jsonassert-1.2.3.jar:/home/nikhil/.m2/repository/org/json/json/20090211/json-20090211.jar:/home/nikhil/.m2/repository/org/hamcrest/hamcrest-all/1.3/hamcrest-all-1.3.jar:/home/nikhil/.m2/repository/org/mockito/mockito-core/1.9.5/mockito-core-1.9.5.jar:/home/nikhil/.m2/repository/org/objenesis/objenesis/1.0/objenesis-1.0.jar:/home/nikhil/.m2/repository/commons-io/commons-io/2.4/commons-io-2.4.jar:/home/nikhil/.m2/repository/commons-lang/commons-lang/2.6/commons-lang-2.6.jar:/home/nikhil/.m2/repository/junit/junit/4.11/junit-4.11.jar:/home/nikhil/.m2/repository/org/hamcrest/hamcrest-core/1.3/hamcrest-core-1.3.jar:/home/nikhil/.m2/repository/org/easytesting/fest-assert/1.4/fest-assert-1.4.jar:/home/nikhil/.m2/repository/org/easytesting/fest-util/1.1.6/fest-util-1.1.6.jar:/home/nikhil/.m2/repository/org/yaml/snakeyaml/1.20/snakeyaml-1.20.jar:"/>
    <property name="sun.cpu.endian" value="little"/>
    <property name="user.home" value="/home/nikhil"/>
    <property name="user.language" value="en"/>
    <property name="java.specification.vendor" value="Oracle Corporation"/>
    <property name="java.home" value="/opt/java/jdk1.8.0_161/jre"/>
    <property name="basedir" value="/home/nikhil/git/sonar-text-plugin"/>
    <property name="file.separator" value="/"/>
    <property name="line.separator" value="&#10;"/>
    <property name="java.vm.specification.vendor" value="Oracle Corporation"/>
    <property name="java.specification.name" value="Java Platform API Specification"/>
    <property name="java.awt.graphicsenv" value="sun.awt.X11GraphicsEnvironment"/>
    <property name="surefire.real.class.path" value="/home/nikhil/git/sonar-text-plugin/target/surefire/surefirebooter9102821554042511159.jar"/>
    <property name="sun.boot.class.path" value="/opt/java/jdk1.8.0_161/jre/lib/resources.jar:/opt/java/jdk1.8.0_161/jre/lib/rt.jar:/opt/java/jdk1.8.0_161/jre/lib/sunrsasign.jar:/opt/java/jdk1.8.0_161/jre/lib/jsse.jar:/opt/java/jdk1.8.0_161/jre/lib/jce.jar:/opt/java/jdk1.8.0_161/jre/lib/charsets.jar:/opt/java/jdk1.8.0_161/jre/lib/jfr.jar:/opt/java/jdk1.8.0_161/jre/classes"/>
    <property name="sun.management.compiler" value="HotSpot 64-Bit Tiered Compilers"/>
    <property name="java.runtime.version" value="1.8.0_161-b12"/>
    <property name="user.name" value="nikhil"/>
    <property name="path.separator" value=":"/>
    <property name="os.version" value="4.15.13-041513-generic"/>
    <property name="java.endorsed.dirs" value="/opt/java/jdk1.8.0_161/jre/lib/endorsed"/>
    <property name="java.runtime.name" value="Java(TM) SE Runtime Environment"/>
    <property name="file.encoding" value="UTF-8"/>
    <property name="java.vm.name" value="Java HotSpot(TM) 64-Bit Server VM"/>
    <property name="localRepository" value="/home/nikhil/.m2/repository"/>
    <property name="java.vendor.url.bug" value="http://bugreport.sun.com/bugreport/"/>
    <property name="java.io.tmpdir" value="/tmp"/>
    <property name="java.version" value="1.8.0_161"/>
    <property name="user.dir" value="/home/nikhil/git/sonar-text-plugin"/>
    <property name="os.arch" value="amd64"/>
    <property name="java.vm.specification.name" value="Java Virtual Machine Specification"/>
    <property name="java.awt.printerjob" value="sun.print.PSPrinterJob"/>
    <property name="sun.os.patch.level" value="unknown"/>
    <property name="java.library.path" value="/usr/java/packages/lib/amd64:/usr/lib64:/lib64:/lib:/usr/lib"/>
    <property name="java.vm.info" value="mixed mode"/>
    <property name="java.vendor" value="Oracle Corporation"/>
    <property name="java.vm.version" value="25.161-b12"/>
    <property name="java.ext.dirs" value="/opt/java/jdk1.8.0_161/jre/lib/ext:/usr/java/packages/lib/ext"/>
    <property name="sun.io.unicode.encoding" value="UnicodeLittle"/>
    <property name="java.class.version" value="52.0"/>
  </properties>
  <testcase name="simpleCase_successfulMatch" classname="org.sonar.plugins.yaml.checks.NodeExistTest" time="0.097"/>
</testsuite>